<?xml version="1.0" encoding="UTF-8"?>
<!-- Generated by org.testng.reporters.JUnitReportReporter -->
<testsuite hostname="mamobarjos" failures="0" tests="15" name="codenboxautomationlab.MainTest" time="0.498" errors="0" timestamp="2025-01-14T14:58:21 EET" skipped="14">
  <testcase classname="codenboxautomationlab.MainTest" name="Download_file_to_test" time="0.498"/>
  <system-out/>
  <testcase classname="codenboxautomationlab.MainTest" name="Switch_Window_Example">
    <skipped/>
  </testcase> <!-- Switch_Window_Example -->
  <system-out/>
  <testcase classname="codenboxautomationlab.MainTest" name="iFrame_Example">
    <skipped/>
  </testcase> <!-- iFrame_Example -->
  <system-out/>
  <testcase classname="codenboxautomationlab.MainTest" name="Switch_Window">
    <skipped/>
  </testcase> <!-- Switch_Window -->
  <system-out/>
  <testcase classname="codenboxautomationlab.MainTest" name="SwitchToAlert">
    <skipped/>
  </testcase> <!-- SwitchToAlert -->
  <system-out/>
  <testcase classname="codenboxautomationlab.MainTest" name="Mouse_Hover_Example">
    <skipped/>
  </testcase> <!-- Mouse_Hover_Example -->
  <system-out/>
  <testcase classname="codenboxautomationlab.MainTest" name="Web_Table">
    <skipped/>
  </testcase> <!-- Web_Table -->
  <system-out/>
  <testcase classname="codenboxautomationlab.MainTest" name="RadioButtonExample">
    <skipped/>
  </testcase> <!-- RadioButtonExample -->
  <system-out/>
  <testcase classname="codenboxautomationlab.MainTest" name="StaticDropdownExample">
    <skipped/>
  </testcase> <!-- StaticDropdownExample -->
  <system-out/>
  <testcase classname="codenboxautomationlab.MainTest" name="Element_Displayed">
    <skipped/>
  </testcase> <!-- Element_Displayed -->
  <system-out/>
  <testcase classname="codenboxautomationlab.MainTest" name="Calendar_Example">
    <skipped/>
  </testcase> <!-- Calendar_Example -->
  <system-out/>
  <testcase classname="codenboxautomationlab.MainTest" name="DynamicDropdownExample">
    <skipped/>
  </testcase> <!-- DynamicDropdownExample -->
  <system-out/>
  <testcase classname="codenboxautomationlab.MainTest" name="Switch_Tab_Example">
    <skipped/>
  </testcase> <!-- Switch_Tab_Example -->
  <system-out/>
  <testcase classname="codenboxautomationlab.MainTest" name="Enabled_Disabled_Example">
    <skipped/>
  </testcase> <!-- Enabled_Disabled_Example -->
  <system-out/>
  <testcase classname="codenboxautomationlab.MainTest" name="Checkbox">
    <skipped/>
  </testcase> <!-- Checkbox -->
  <system-out/>
</testsuite> <!-- codenboxautomationlab.MainTest -->
