<?xml version="1.0" encoding="UTF-8"?>
<!-- Generated by org.testng.reporters.JUnitReportReporter -->
<testsuite hostname="mamobarjos" failures="0" tests="8" name="codenboxautomationlab.MainTest" time="8.690" errors="0" timestamp="2025-01-06T13:27:51 EET" skipped="7">
  <testcase classname="codenboxautomationlab.MainTest" name="Switch_Tab_Example" time="8.690"/>
  <system-out/>
  <testcase classname="codenboxautomationlab.MainTest" name="Switch_Window_Example">
    <skipped/>
  </testcase> <!-- Switch_Window_Example -->
  <system-out/>
  <testcase classname="codenboxautomationlab.MainTest" name="Switch_Window">
    <skipped/>
  </testcase> <!-- Switch_Window -->
  <system-out/>
  <testcase classname="codenboxautomationlab.MainTest" name="SwitchToAlert">
    <skipped/>
  </testcase> <!-- SwitchToAlert -->
  <system-out/>
  <testcase classname="codenboxautomationlab.MainTest" name="StaticDropdownExample">
    <skipped/>
  </testcase> <!-- StaticDropdownExample -->
  <system-out/>
  <testcase classname="codenboxautomationlab.MainTest" name="DynamicDropdownExample">
    <skipped/>
  </testcase> <!-- DynamicDropdownExample -->
  <system-out/>
  <testcase classname="codenboxautomationlab.MainTest" name="RadioButtonExample">
    <skipped/>
  </testcase> <!-- RadioButtonExample -->
  <system-out/>
  <testcase classname="codenboxautomationlab.MainTest" name="Checkbox">
    <skipped/>
  </testcase> <!-- Checkbox -->
  <system-out/>
</testsuite> <!-- codenboxautomationlab.MainTest -->
